Build started 12/26/2015 8:18:41 PM.
     1>Project "c:\Users\andy\documents\visual studio 2015\Projects\algorithm timing app\algorithm timing app\algorithm timing app.vcxproj" on node 2 (Build target(s)).
     1>ClCompile:
         C:\Program Files (x86)\Microsoft Visual Studio 14.0\VC\bin\CL.exe /c /ZI /nologo /W3 /WX- /sdl /Od /Oy- /D _MBCS /Gm /EHsc /RTC1 /MDd /GS /fp:precise /Zc:wchar_t /Zc:forScope /Zc:inline /Fo"Debug\\" /Fd"Debug\vc140.pdb" /Gd /TP /analyze- /errorReport:prompt Source.cpp
         Source.cpp
     1>c:\users\andy\documents\visual studio 2015\projects\algorithm timing app\algorithm timing app\sortingapp.h(35): warning C4018: '<': signed/unsigned mismatch
     1>c:\users\andy\documents\visual studio 2015\projects\algorithm timing app\algorithm timing app\sortingapp.h(71): warning C4244: 'argument': conversion from 'time_t' to 'unsigned int', possible loss of data
     1>c:\users\andy\documents\visual studio 2015\projects\algorithm timing app\algorithm timing app\sortingalgorithms.h(79): warning C4018: '<': signed/unsigned mismatch
         c:\users\andy\documents\visual studio 2015\projects\algorithm timing app\algorithm timing app\sortingalgorithms.h(93): note: see reference to function template instantiation 'void merge<unsigned int>(std::vector<unsigned int,std::allocator<_Ty>> &,std::vector<_Ty,std::allocator<_Ty>> &,std::vector<_Ty,std::allocator<_Ty>> &,int,int)' being compiled
                 with
                 [
                     _Ty=unsigned int
                 ]
         c:\users\andy\documents\visual studio 2015\projects\algorithm timing app\algorithm timing app\sortingapp.h(94): note: see reference to function template instantiation 'void mergesort<unsigned int>(std::vector<unsigned int,std::allocator<_Ty>> &)' being compiled
                 with
                 [
                     _Ty=unsigned int
                 ]
     1>c:\users\andy\documents\visual studio 2015\projects\algorithm timing app\algorithm timing app\sortingalgorithms.h(80): warning C4018: '<': signed/unsigned mismatch
     1>c:\users\andy\documents\visual studio 2015\projects\algorithm timing app\algorithm timing app\sortingalgorithms.h(83): warning C4018: '<': signed/unsigned mismatch
       Link:
         C:\Program Files (x86)\Microsoft Visual Studio 14.0\VC\bin\link.exe /ERRORREPORT:PROMPT /OUT:"c:\users\andy\documents\visual studio 2015\Projects\algorithm timing app\Debug\algorithm timing app.exe" /INCREMENTAL /NOLOGO kernel32.lib user32.lib gdi32.lib winspool.lib comdlg32.lib advapi32.lib shell32.lib ole32.lib oleaut32.lib uuid.lib odbc32.lib odbccp32.lib /MANIFEST /MANIFESTUAC:"level='asInvoker' uiAccess='false'" /manifest:embed /Debug /PDB:"c:\users\andy\documents\visual studio 2015\Projects\algorithm timing app\Debug\algorithm timing app.pdb" /TLBID:1 /DYNAMICBASE /NXCOMPAT /IMPLIB:"c:\users\andy\documents\visual studio 2015\Projects\algorithm timing app\Debug\algorithm timing app.lib" /MACHINE:X86 Debug\Source.obj
         algorithm timing app.vcxproj -> c:\users\andy\documents\visual studio 2015\Projects\algorithm timing app\Debug\algorithm timing app.exe
     1>Done Building Project "c:\Users\andy\documents\visual studio 2015\Projects\algorithm timing app\algorithm timing app\algorithm timing app.vcxproj" (Build target(s)).

Build succeeded.

Time Elapsed 00:00:01.91
